Epoch 1/300
100/100 [==============================] - 6s 44ms/step - loss: 9.1650
Epoch 2/300
100/100 [==============================] - 4s 43ms/step - loss: 0.2566
Epoch 3/300
100/100 [==============================] - 4s 44ms/step - loss: 0.1488
Epoch 4/300
100/100 [==============================] - 4s 43ms/step - loss: 0.1200
Epoch 5/300
100/100 [==============================] - 4s 43ms/step - loss: 0.1238
Epoch 6/300
100/100 [==============================] - 4s 44ms/step - loss: 0.0925
Epoch 7/300
100/100 [==============================] - 4s 44ms/step - loss: 0.1615
Epoch 8/300
100/100 [==============================] - 4s 44ms/step - loss: 0.1969
Epoch 9/300
100/100 [==============================] - 4s 43ms/step - loss: 0.1406
Epoch 10/300
100/100 [==============================] - 4s 43ms/step - loss: 0.1450
Epoch 11/300
100/100 [==============================] - 4s 44ms/step - loss: 0.1633
Epoch 12/300
100/100 [==============================] - 4s 43ms/step - loss: 0.1418
Epoch 13/300
100/100 [==============================] - 4s 44ms/step - loss: 0.2281
Epoch 14/300
100/100 [==============================] - 4s 43ms/step - loss: 0.1090
Epoch 15/300
100/100 [==============================] - 4s 43ms/step - loss: 0.1123
Epoch 16/300
100/100 [==============================] - 4s 43ms/step - loss: 0.0862
Epoch 17/300
100/100 [==============================] - 4s 43ms/step - loss: 0.1301
Epoch 18/300
100/100 [==============================] - 4s 44ms/step - loss: 0.0761
Epoch 19/300
100/100 [==============================] - 4s 44ms/step - loss: 0.0738
Epoch 20/300
100/100 [==============================] - 4s 44ms/step - loss: 0.0673
Epoch 21/300
100/100 [==============================] - 4s 44ms/step - loss: 0.0484
Epoch 22/300
100/100 [==============================] - 4s 43ms/step - loss: 0.0399
Epoch 23/300
100/100 [==============================] - 4s 44ms/step - loss: 0.0484
Epoch 24/300
100/100 [==============================] - 4s 43ms/step - loss: 0.0738
Epoch 25/300
100/100 [==============================] - 4s 43ms/step - loss: 0.0509
Epoch 26/300
100/100 [==============================] - 4s 43ms/step - loss: 0.0512
Epoch 27/300
100/100 [==============================] - 4s 43ms/step - loss: 0.0483
Epoch 28/300
100/100 [==============================] - 4s 43ms/step - loss: 0.0565
Epoch 29/300
100/100 [==============================] - 4s 43ms/step - loss: 0.0399
Epoch 30/300
100/100 [==============================] - 4s 43ms/step - loss: 0.0274
Epoch 31/300
100/100 [==============================] - 4s 43ms/step - loss: 0.0347
Epoch 32/300
100/100 [==============================] - 4s 43ms/step - loss: 0.0500
Epoch 33/300
100/100 [==============================] - 4s 44ms/step - loss: 0.1151
Epoch 34/300
100/100 [==============================] - 4s 43ms/step - loss: 0.0586
Epoch 35/300
100/100 [==============================] - 4s 43ms/step - loss: 0.0402
Epoch 36/300
100/100 [==============================] - 4s 43ms/step - loss: 0.0395
Epoch 37/300
100/100 [==============================] - 4s 43ms/step - loss: 0.0340
Epoch 38/300
100/100 [==============================] - 4s 43ms/step - loss: 0.0381
Epoch 39/300
100/100 [==============================] - 4s 43ms/step - loss: 0.0161
Epoch 40/300
100/100 [==============================] - 4s 43ms/step - loss: 0.0808
Epoch 41/300
100/100 [==============================] - 4s 43ms/step - loss: 0.1655
Epoch 42/300
100/100 [==============================] - 4s 43ms/step - loss: 0.6072
Epoch 43/300
100/100 [==============================] - 4s 43ms/step - loss: 0.5663
Epoch 44/300
100/100 [==============================] - 4s 43ms/step - loss: 0.5647
Epoch 45/300
100/100 [==============================] - 4s 43ms/step - loss: 0.5829
Epoch 46/300
100/100 [==============================] - 4s 43ms/step - loss: 0.5680
Epoch 47/300
100/100 [==============================] - 4s 43ms/step - loss: 0.5679
Epoch 48/300
100/100 [==============================] - 4s 43ms/step - loss: 0.5674
Epoch 49/300
100/100 [==============================] - 4s 43ms/step - loss: 0.5677
Epoch 50/300
100/100 [==============================] - 4s 43ms/step - loss: 0.5673
Epoch 51/300
100/100 [==============================] - 4s 43ms/step - loss: 0.5674
Epoch 52/300
100/100 [==============================] - 4s 43ms/step - loss: 0.5673
Epoch 53/300
100/100 [==============================] - 4s 43ms/step - loss: 0.5672
Epoch 54/300
100/100 [==============================] - 4s 43ms/step - loss: 0.5675
Epoch 55/300
100/100 [==============================] - 4s 43ms/step - loss: 0.5674
Epoch 56/300
100/100 [==============================] - 4s 43ms/step - loss: 0.5676
Epoch 57/300
100/100 [==============================] - 4s 43ms/step - loss: 0.5674
Epoch 58/300
100/100 [==============================] - 4s 43ms/step - loss: 0.5674
Epoch 59/300
100/100 [==============================] - 4s 43ms/step - loss: 0.5675
Epoch 60/300
100/100 [==============================] - 4s 43ms/step - loss: 0.5674
Epoch 61/300
100/100 [==============================] - 4s 43ms/step - loss: 0.5675
Epoch 62/300
100/100 [==============================] - 4s 43ms/step - loss: 0.5676
Epoch 63/300
100/100 [==============================] - 4s 43ms/step - loss: 0.5673
Epoch 64/300
100/100 [==============================] - 4s 43ms/step - loss: 0.5672
Epoch 65/300
100/100 [==============================] - 4s 43ms/step - loss: 0.5672
Epoch 66/300
100/100 [==============================] - 4s 43ms/step - loss: 0.5674
Epoch 67/300
100/100 [==============================] - 4s 43ms/step - loss: 0.5673
Epoch 68/300
100/100 [==============================] - 4s 43ms/step - loss: 0.5672
Epoch 69/300
100/100 [==============================] - 4s 43ms/step - loss: 0.5682
Epoch 70/300
100/100 [==============================] - 4s 43ms/step - loss: 0.5673
Epoch 71/300
100/100 [==============================] - 4s 43ms/step - loss: 0.5674
Epoch 72/300
100/100 [==============================] - 4s 43ms/step - loss: 0.5675
Epoch 73/300
100/100 [==============================] - 4s 43ms/step - loss: 0.5675
Epoch 74/300
100/100 [==============================] - 4s 43ms/step - loss: 0.5673
Epoch 75/300
100/100 [==============================] - 4s 43ms/step - loss: 0.5677
Epoch 76/300
100/100 [==============================] - 4s 43ms/step - loss: 0.5676
Epoch 77/300
100/100 [==============================] - 4s 43ms/step - loss: 0.5673
Epoch 78/300
100/100 [==============================] - 4s 43ms/step - loss: 0.5676
Epoch 79/300
100/100 [==============================] - 4s 43ms/step - loss: 0.5675
Epoch 80/300
100/100 [==============================] - 4s 43ms/step - loss: 0.5674
Epoch 81/300
100/100 [==============================] - 4s 43ms/step - loss: 0.5676
Epoch 82/300
100/100 [==============================] - 4s 43ms/step - loss: 0.5677
Epoch 83/300
100/100 [==============================] - 4s 43ms/step - loss: 0.5676
Epoch 84/300
100/100 [==============================] - 4s 43ms/step - loss: 0.5678
Epoch 85/300
100/100 [==============================] - 4s 43ms/step - loss: 0.5676
Epoch 86/300
100/100 [==============================] - 4s 43ms/step - loss: 0.5675
Epoch 87/300
100/100 [==============================] - 4s 43ms/step - loss: 0.5674
Epoch 88/300
100/100 [==============================] - 4s 43ms/step - loss: 0.5675
Epoch 89/300
100/100 [==============================] - 4s 43ms/step - loss: 0.5676
Epoch 90/300
100/100 [==============================] - 4s 43ms/step - loss: 0.5675
Epoch 91/300
100/100 [==============================] - 4s 43ms/step - loss: 0.5675
Epoch 92/300
100/100 [==============================] - 4s 43ms/step - loss: 0.5671
Epoch 93/300
100/100 [==============================] - 4s 43ms/step - loss: 0.5675
Epoch 94/300
100/100 [==============================] - 4s 44ms/step - loss: 0.5674
Epoch 95/300
100/100 [==============================] - 4s 43ms/step - loss: 0.5673
Epoch 96/300
100/100 [==============================] - 4s 44ms/step - loss: 0.5676
Epoch 97/300
100/100 [==============================] - 4s 44ms/step - loss: 0.5673
Epoch 98/300
100/100 [==============================] - 4s 43ms/step - loss: 0.5674
Epoch 99/300
100/100 [==============================] - 4s 43ms/step - loss: 0.5675
Epoch 100/300
100/100 [==============================] - 4s 43ms/step - loss: 0.5673
Epoch 101/300
100/100 [==============================] - 4s 43ms/step - loss: 0.5675
Epoch 102/300
100/100 [==============================] - 4s 43ms/step - loss: 0.5675
Epoch 103/300
100/100 [==============================] - 4s 43ms/step - loss: 0.5677
Epoch 104/300
100/100 [==============================] - 4s 43ms/step - loss: 0.5671
Epoch 105/300
100/100 [==============================] - 4s 43ms/step - loss: 0.5675
Epoch 106/300
100/100 [==============================] - 4s 43ms/step - loss: 0.5672
Epoch 107/300
100/100 [==============================] - 4s 43ms/step - loss: 0.5678
Epoch 108/300
100/100 [==============================] - 4s 43ms/step - loss: 0.5673
Epoch 109/300
100/100 [==============================] - 4s 43ms/step - loss: 0.5675
Epoch 110/300
100/100 [==============================] - 4s 43ms/step - loss: 0.5671
Epoch 111/300
100/100 [==============================] - 4s 43ms/step - loss: 0.5674
Epoch 112/300
100/100 [==============================] - 4s 43ms/step - loss: 0.5672
Epoch 113/300
100/100 [==============================] - 4s 44ms/step - loss: 0.5675
Epoch 114/300
100/100 [==============================] - 4s 43ms/step - loss: 0.5676
Epoch 115/300
100/100 [==============================] - 4s 43ms/step - loss: 0.5673
Epoch 116/300
100/100 [==============================] - 4s 43ms/step - loss: 0.5674
Epoch 117/300
100/100 [==============================] - 4s 43ms/step - loss: 0.5673
Epoch 118/300
100/100 [==============================] - 4s 43ms/step - loss: 0.5673
Epoch 119/300
100/100 [==============================] - 4s 43ms/step - loss: 0.5674
Epoch 120/300
100/100 [==============================] - 4s 43ms/step - loss: 0.5674
Epoch 121/300
100/100 [==============================] - 4s 43ms/step - loss: 0.5673
Epoch 122/300
100/100 [==============================] - 4s 43ms/step - loss: 0.5673
Epoch 123/300
100/100 [==============================] - 4s 43ms/step - loss: 0.5672
Epoch 124/300
100/100 [==============================] - 4s 43ms/step - loss: 0.5675
Epoch 125/300
100/100 [==============================] - 4s 43ms/step - loss: 0.5676
Epoch 126/300
100/100 [==============================] - 4s 43ms/step - loss: 0.5672
Epoch 127/300
100/100 [==============================] - 4s 43ms/step - loss: 0.5675
Epoch 128/300
100/100 [==============================] - 4s 43ms/step - loss: 0.5674
Epoch 129/300
100/100 [==============================] - 4s 43ms/step - loss: 0.5678
Epoch 130/300
100/100 [==============================] - 4s 43ms/step - loss: 0.5676
Epoch 131/300
100/100 [==============================] - 4s 43ms/step - loss: 0.5693
Epoch 132/300
100/100 [==============================] - 4s 43ms/step - loss: 0.5703
Epoch 133/300
100/100 [==============================] - 4s 44ms/step - loss: 0.5817
Epoch 134/300
100/100 [==============================] - 4s 43ms/step - loss: 0.5697
Epoch 135/300
100/100 [==============================] - 4s 43ms/step - loss: 0.5675
Epoch 136/300
100/100 [==============================] - 4s 43ms/step - loss: 0.5674
Epoch 137/300
100/100 [==============================] - 4s 43ms/step - loss: 0.5672
Epoch 138/300
100/100 [==============================] - 4s 43ms/step - loss: 0.5680
Epoch 139/300
100/100 [==============================] - 4s 44ms/step - loss: 0.5674
Epoch 140/300
100/100 [==============================] - 4s 43ms/step - loss: 0.5675
Epoch 141/300
100/100 [==============================] - 4s 43ms/step - loss: 0.5675
Epoch 142/300
100/100 [==============================] - 4s 43ms/step - loss: 0.5673
Epoch 143/300
100/100 [==============================] - 4s 43ms/step - loss: 0.5676
Epoch 144/300
100/100 [==============================] - 4s 43ms/step - loss: 0.5673
Epoch 145/300
100/100 [==============================] - 4s 43ms/step - loss: 0.5674
Epoch 146/300
100/100 [==============================] - 4s 43ms/step - loss: 0.5674
Epoch 147/300
100/100 [==============================] - 4s 43ms/step - loss: 0.5675
Epoch 148/300
100/100 [==============================] - 4s 43ms/step - loss: 0.5674
Epoch 149/300
100/100 [==============================] - 4s 43ms/step - loss: 0.5673
Epoch 150/300
100/100 [==============================] - 4s 43ms/step - loss: 0.5676
Epoch 151/300
100/100 [==============================] - 4s 43ms/step - loss: 0.5676
Epoch 152/300
100/100 [==============================] - 4s 44ms/step - loss: 0.5674
Epoch 153/300
100/100 [==============================] - 4s 43ms/step - loss: 0.5674
Epoch 154/300
100/100 [==============================] - 4s 44ms/step - loss: 0.5675
Epoch 155/300
100/100 [==============================] - 4s 43ms/step - loss: 0.5673
Epoch 156/300
100/100 [==============================] - 4s 43ms/step - loss: 0.5673
Epoch 157/300
100/100 [==============================] - 4s 43ms/step - loss: 0.5675
Epoch 158/300
100/100 [==============================] - 4s 43ms/step - loss: 0.5674
Epoch 159/300
100/100 [==============================] - 4s 44ms/step - loss: 0.5676
Epoch 160/300
100/100 [==============================] - 4s 43ms/step - loss: 0.5675
Epoch 161/300
100/100 [==============================] - 4s 43ms/step - loss: 0.5678
Epoch 162/300
100/100 [==============================] - 4s 43ms/step - loss: 0.5674
Epoch 163/300
100/100 [==============================] - 4s 43ms/step - loss: 0.5673
Epoch 164/300
100/100 [==============================] - 4s 43ms/step - loss: 0.5674
Epoch 165/300
100/100 [==============================] - 4s 43ms/step - loss: 0.5673
Epoch 166/300
100/100 [==============================] - 4s 43ms/step - loss: 0.5673
Epoch 167/300
100/100 [==============================] - 4s 43ms/step - loss: 0.5673
Epoch 168/300
100/100 [==============================] - 4s 43ms/step - loss: 0.5672
Epoch 169/300
100/100 [==============================] - 4s 44ms/step - loss: 0.5674
Epoch 170/300
100/100 [==============================] - 4s 44ms/step - loss: 0.5673
Epoch 171/300
100/100 [==============================] - 4s 43ms/step - loss: 0.5676
Epoch 172/300
100/100 [==============================] - 4s 43ms/step - loss: 0.5675
Epoch 173/300
100/100 [==============================] - 4s 43ms/step - loss: 0.5675
Epoch 174/300
100/100 [==============================] - 4s 43ms/step - loss: 0.5672
Epoch 175/300
100/100 [==============================] - 4s 43ms/step - loss: 0.5673
Epoch 176/300
100/100 [==============================] - 4s 43ms/step - loss: 0.5673
Epoch 177/300
100/100 [==============================] - 4s 43ms/step - loss: 0.5674
Epoch 178/300
100/100 [==============================] - 4s 43ms/step - loss: 0.5674
Epoch 179/300
100/100 [==============================] - 4s 43ms/step - loss: 0.5674
Epoch 180/300
100/100 [==============================] - 4s 43ms/step - loss: 0.5675
Epoch 181/300
100/100 [==============================] - 4s 43ms/step - loss: 0.5675
Epoch 182/300
100/100 [==============================] - 4s 43ms/step - loss: 0.5672
Epoch 183/300
100/100 [==============================] - 4s 43ms/step - loss: 0.5675
Epoch 184/300
100/100 [==============================] - 4s 43ms/step - loss: 0.5675
Epoch 185/300
100/100 [==============================] - 4s 43ms/step - loss: 0.5685
Epoch 186/300
100/100 [==============================] - 4s 43ms/step - loss: 0.5675
Epoch 187/300
100/100 [==============================] - 4s 43ms/step - loss: 0.5674
Epoch 188/300
100/100 [==============================] - 4s 44ms/step - loss: 0.5674
Epoch 189/300
100/100 [==============================] - 4s 43ms/step - loss: 0.5673
Epoch 190/300
100/100 [==============================] - 4s 43ms/step - loss: 0.5675
Epoch 191/300
100/100 [==============================] - 4s 43ms/step - loss: 0.5677
Epoch 192/300
100/100 [==============================] - 4s 43ms/step - loss: 0.5673
Epoch 193/300
100/100 [==============================] - 4s 43ms/step - loss: 0.5674
Epoch 194/300
100/100 [==============================] - 4s 44ms/step - loss: 0.5674
Epoch 195/300
100/100 [==============================] - 4s 44ms/step - loss: 0.5674
Epoch 196/300
100/100 [==============================] - 4s 44ms/step - loss: 0.5672
Epoch 197/300
100/100 [==============================] - 4s 43ms/step - loss: 0.5673
Epoch 198/300
100/100 [==============================] - 4s 43ms/step - loss: 0.5672
Epoch 199/300
100/100 [==============================] - 4s 43ms/step - loss: 0.5674
Epoch 200/300
100/100 [==============================] - 4s 43ms/step - loss: 0.5673
Epoch 201/300
100/100 [==============================] - 4s 43ms/step - loss: 0.5673
Epoch 202/300
100/100 [==============================] - 4s 43ms/step - loss: 0.5674
Epoch 203/300
100/100 [==============================] - 4s 43ms/step - loss: 0.5675
Epoch 204/300
100/100 [==============================] - 4s 43ms/step - loss: 0.5675
Epoch 205/300
100/100 [==============================] - 4s 43ms/step - loss: 0.5672
Epoch 206/300
100/100 [==============================] - 4s 43ms/step - loss: 0.5674
Epoch 207/300
100/100 [==============================] - 4s 43ms/step - loss: 0.5674
Epoch 208/300
100/100 [==============================] - 4s 43ms/step - loss: 0.5674
Epoch 209/300
100/100 [==============================] - 4s 43ms/step - loss: 0.5673
Epoch 210/300
100/100 [==============================] - 4s 43ms/step - loss: 0.5673
Epoch 211/300
100/100 [==============================] - 4s 43ms/step - loss: 0.5673
Epoch 212/300
100/100 [==============================] - 4s 43ms/step - loss: 0.5674
Epoch 213/300
100/100 [==============================] - 4s 43ms/step - loss: 0.5673
Epoch 214/300
100/100 [==============================] - 4s 43ms/step - loss: 0.5674
Epoch 215/300
100/100 [==============================] - 4s 43ms/step - loss: 0.5676
Epoch 216/300
100/100 [==============================] - 4s 43ms/step - loss: 0.5676
Epoch 217/300
100/100 [==============================] - 4s 43ms/step - loss: 0.5674
Epoch 218/300
100/100 [==============================] - 4s 43ms/step - loss: 0.5672
Epoch 219/300
100/100 [==============================] - 4s 44ms/step - loss: 0.5673
Epoch 220/300
100/100 [==============================] - 4s 43ms/step - loss: 0.5674
Epoch 221/300
100/100 [==============================] - 4s 43ms/step - loss: 0.5673
Epoch 222/300
100/100 [==============================] - 4s 43ms/step - loss: 0.5673
Epoch 223/300
100/100 [==============================] - 4s 43ms/step - loss: 0.5673
Epoch 224/300
100/100 [==============================] - 4s 43ms/step - loss: 0.5674
Epoch 225/300
100/100 [==============================] - 4s 43ms/step - loss: 0.5673
Epoch 226/300
100/100 [==============================] - 4s 43ms/step - loss: 0.5672
Epoch 227/300
100/100 [==============================] - 4s 43ms/step - loss: 0.5674
Epoch 228/300
100/100 [==============================] - 4s 43ms/step - loss: 0.5673
Epoch 229/300
100/100 [==============================] - 4s 43ms/step - loss: 0.5672
Epoch 230/300
100/100 [==============================] - 4s 44ms/step - loss: 0.5675
Epoch 231/300
100/100 [==============================] - 4s 43ms/step - loss: 0.5674
Epoch 232/300
100/100 [==============================] - 4s 43ms/step - loss: 0.5673
Epoch 233/300
100/100 [==============================] - 4s 43ms/step - loss: 0.5674
Epoch 234/300
100/100 [==============================] - 4s 43ms/step - loss: 0.5675
Epoch 235/300
100/100 [==============================] - 4s 43ms/step - loss: 0.5673
Epoch 236/300
100/100 [==============================] - 4s 43ms/step - loss: 0.5672
Epoch 237/300
100/100 [==============================] - 4s 43ms/step - loss: 0.5672
Epoch 238/300
100/100 [==============================] - 4s 43ms/step - loss: 0.5674
Epoch 239/300
100/100 [==============================] - 4s 43ms/step - loss: 0.5672
Epoch 240/300
100/100 [==============================] - 4s 43ms/step - loss: 0.5673
Epoch 241/300
100/100 [==============================] - 4s 43ms/step - loss: 0.5672
Epoch 242/300
100/100 [==============================] - 4s 43ms/step - loss: 0.5673
Epoch 243/300
100/100 [==============================] - 4s 43ms/step - loss: 0.5675
Epoch 244/300
100/100 [==============================] - 4s 43ms/step - loss: 0.5672
Epoch 245/300
100/100 [==============================] - 4s 43ms/step - loss: 0.5673
Epoch 246/300
100/100 [==============================] - 4s 43ms/step - loss: 0.5672
Epoch 247/300
100/100 [==============================] - 4s 43ms/step - loss: 0.5673
Epoch 248/300
100/100 [==============================] - 4s 43ms/step - loss: 0.5673
Epoch 249/300
100/100 [==============================] - 4s 43ms/step - loss: 0.5672
Epoch 250/300
100/100 [==============================] - 4s 43ms/step - loss: 0.5674
Epoch 251/300
100/100 [==============================] - 4s 43ms/step - loss: 0.5672
Epoch 252/300
100/100 [==============================] - 4s 43ms/step - loss: 0.5674
Epoch 253/300
100/100 [==============================] - 4s 43ms/step - loss: 0.5675
Epoch 254/300
100/100 [==============================] - 4s 43ms/step - loss: 0.5673
Epoch 255/300
100/100 [==============================] - 4s 43ms/step - loss: 0.5673
Epoch 256/300
100/100 [==============================] - 4s 43ms/step - loss: 0.5672
Epoch 257/300
100/100 [==============================] - 4s 43ms/step - loss: 0.5675
Epoch 258/300
100/100 [==============================] - 4s 43ms/step - loss: 0.5673
Epoch 259/300
100/100 [==============================] - 4s 43ms/step - loss: 0.5672
Epoch 260/300
100/100 [==============================] - 4s 43ms/step - loss: 0.5674
Epoch 261/300
100/100 [==============================] - 4s 43ms/step - loss: 0.5674
Epoch 262/300
100/100 [==============================] - 4s 43ms/step - loss: 0.5674
Epoch 263/300
100/100 [==============================] - 4s 43ms/step - loss: 0.5672
Epoch 264/300
100/100 [==============================] - 4s 43ms/step - loss: 0.5673
Epoch 265/300
100/100 [==============================] - 4s 43ms/step - loss: 0.5672
Epoch 266/300
100/100 [==============================] - 4s 43ms/step - loss: 0.5672
Epoch 267/300
100/100 [==============================] - 4s 43ms/step - loss: 0.5672
Epoch 268/300
100/100 [==============================] - 4s 43ms/step - loss: 0.5674
Epoch 269/300
100/100 [==============================] - 4s 43ms/step - loss: 0.5673
Epoch 270/300
100/100 [==============================] - 4s 43ms/step - loss: 0.5673
Epoch 271/300
100/100 [==============================] - 4s 43ms/step - loss: 0.5674
Epoch 272/300
100/100 [==============================] - 4s 43ms/step - loss: 0.5675
Epoch 273/300
100/100 [==============================] - 4s 43ms/step - loss: 0.5672
Epoch 274/300
100/100 [==============================] - 4s 43ms/step - loss: 0.5672
Epoch 275/300
100/100 [==============================] - 4s 43ms/step - loss: 0.5673
Epoch 276/300
100/100 [==============================] - 4s 43ms/step - loss: 0.5673
Epoch 277/300
100/100 [==============================] - 4s 43ms/step - loss: 0.5673
Epoch 278/300
100/100 [==============================] - 4s 43ms/step - loss: 0.5673
Epoch 279/300
100/100 [==============================] - 4s 43ms/step - loss: 0.5673
Epoch 280/300
100/100 [==============================] - 4s 43ms/step - loss: 0.5673
Epoch 281/300
100/100 [==============================] - 4s 43ms/step - loss: 0.5673
Epoch 282/300
100/100 [==============================] - 4s 43ms/step - loss: 0.5674
Epoch 283/300
100/100 [==============================] - 4s 43ms/step - loss: 0.5673
Epoch 284/300
100/100 [==============================] - 4s 43ms/step - loss: 0.5672
Epoch 285/300
100/100 [==============================] - 4s 43ms/step - loss: 0.5674
Epoch 286/300
100/100 [==============================] - 4s 43ms/step - loss: 0.5672
Epoch 287/300
100/100 [==============================] - 4s 43ms/step - loss: 0.5672
Epoch 288/300
100/100 [==============================] - 4s 43ms/step - loss: 0.5673
Epoch 289/300
100/100 [==============================] - 4s 43ms/step - loss: 0.5675
Epoch 290/300
100/100 [==============================] - 4s 43ms/step - loss: 0.5673
Epoch 291/300
100/100 [==============================] - 4s 43ms/step - loss: 0.5672
Epoch 292/300
100/100 [==============================] - 4s 43ms/step - loss: 0.5673
Epoch 293/300
100/100 [==============================] - 4s 44ms/step - loss: 0.5673
Epoch 294/300
100/100 [==============================] - 4s 43ms/step - loss: 0.5673
Epoch 295/300
100/100 [==============================] - 4s 43ms/step - loss: 0.5674
Epoch 296/300
100/100 [==============================] - 4s 43ms/step - loss: 0.5676
Epoch 297/300
100/100 [==============================] - 4s 43ms/step - loss: 0.5673
Epoch 298/300
100/100 [==============================] - 4s 43ms/step - loss: 0.5673
Epoch 299/300
100/100 [==============================] - 4s 43ms/step - loss: 0.5672
Epoch 300/300
100/100 [==============================] - 4s 43ms/step - loss: 0.5674
均方误差:  0.7675
准确率: 0.2325
精确率: 0.2325
召回率: 1.0
F1: 0.3772819472616633
耗时: 1299.0239849090576

